Running test: leap-year
[Mode] RUN: Loading Binary Image...
[File] ./baremetal/memory
0
Difftest: error
cycle: 346
        PC:	800000d0	800000d0
		Reference	Dut
      zero:	00000000	00000000
        ra:	80000014	80000014
        sp:	88000000	88000000
        gp:	800008d8	800008d8
        tp:	00000000	00000000
        t0:	80000000	80000000
        t1:	000007df	000007df
        t2:	00000000	00000000
        fp:	00000000	00000000
        s1:	00000000	00000000
        a0:	00000000	00000000
        a1:	c28f5c29	c28f5c29
        a2:	07ae148e	07ae148e
        a3:	80000130	80000130
        a4:	00000001	00000001
        a5:	00000779	00000002	 Error
        a6:	00a3d70b	00a3d70b
        a7:	00000001	00000001
        s2:	00000000	00000000
        s3:	00000000	00000000
        s4:	00000000	00000000
        s5:	00000000	00000000
        s6:	00000000	00000000
        s7:	00000000	00000000
        s8:	00000000	00000000
        s9:	00000000	00000000
       s10:	00000000	00000000
       s11:	00000000	00000000
        t3:	028f5c28	028f5c28
        t4:	00000000	00000000
        t5:	00000000	00000000
        t6:	00000000	00000000

     mtvec:	00000000	00000000
      mepc:	00000000	00000000
    mcause:	00000000	00000000
       mie:	00000000	00000000
       mip:	00000000	00000000
     mtval:	00000000	00000000
  mscratch:	00000000	00000000
   mstatus:	00000000	00000000
   mideleg:	00000000	00000000
   medeleg:	00000000	00000000
      sepc:	00000000	00000000
     stvec:	00000000	00000000
    scause:	00000000	00000000
  sscratch:	00000000	00000000
     stval:	00000000	00000000
   sstatus:	00000000	00000000
       sie:	00000000	00000000
       sip:	00000000	00000000
      satp:	00000000	00000000
   mhartid:	00000000	00000000
      misa:	40141101	40141101

     store:	00000000	00000000
      data:	00000000	00000000
      addr:	00000000	00000000
00178793
make[2]: *** [Makefile:71: run] Error 1
make[1]: *** [../common.mk:56: all] Error 2
Finished test: leap-year
